#
# There is insufficient memory for the Java Runtime Environment to continue.
# Native memory allocation (malloc) failed to allocate 1778672 bytes for Chunk::new
# Possible reasons:
#   The system is out of physical RAM or swap space
#   The process is running with CompressedOops enabled, and the Java Heap may be blocking the growth of the native heap
# Possible solutions:
#   Reduce memory load on the system
#   Increase physical memory or swap space
#   Check if swap backing store is full
#   Decrease Java heap size (-Xmx/-Xms)
#   Decrease number of Java threads
#   Decrease Java thread stack sizes (-Xss)
#   Set larger code cache with -XX:ReservedCodeCacheSize=
#   JVM is running with Unscaled Compressed Oops mode in which the Java heap is
#     placed in the first 4GB address space. The Java Heap base address is the
#     maximum limit for the native heap growth. Please use -XX:HeapBaseMinAddress
#     to set the Java Heap base and to place the Java Heap above 4GB virtual address.
# This output file may be truncated or incomplete.
#
#  Out of Memory Error (arena.cpp:191), pid=11988, tid=17940
#
# JRE version: OpenJDK Runtime Environment (17.0.10) (build 17.0.10+0--11609105)
# Java VM: OpenJDK 64-Bit Server VM (17.0.10+0--11609105, mixed mode, tiered, compressed oops, compressed class ptrs, g1 gc, windows-amd64)
# No core dump will be written. Minidumps are not enabled by default on client versions of Windows
#

---------------  S U M M A R Y ------------

Command Line: --add-opens=java.base/java.util=ALL-UNNAMED --add-opens=java.base/java.lang=ALL-UNNAMED --add-opens=java.base/java.lang.invoke=ALL-UNNAMED --add-opens=java.prefs/java.util.prefs=ALL-UNNAMED --add-opens=java.base/java.nio.charset=ALL-UNNAMED --add-opens=java.base/java.net=ALL-UNNAMED --add-opens=java.base/java.util.concurrent.atomic=ALL-UNNAMED -Xmx2048m -Dfile.encoding=UTF-8 -Duser.country=US -Duser.language=en -Duser.variant -javaagent:C:\Users\ADMIN\.gradle\wrapper\dists\gradle-8.7-bin\bhs2wmbdwecv87pi65oeuq5iu\gradle-8.7\lib\agents\gradle-instrumentation-agent-8.7.jar org.gradle.launcher.daemon.bootstrap.GradleDaemon 8.7

Host: 11th Gen Intel(R) Core(TM) i5-11300H @ 3.10GHz, 8 cores, 7G,  Windows 11 , 64 bit Build 22621 (10.0.22621.3672)
Time: Tue Jul  9 15:17:04 2024 SE Asia Standard Time elapsed time: 4.668578 seconds (0d 0h 0m 4s)

---------------  T H R E A D  ---------------

Current thread (0x000001d9d97a5d60):  JavaThread "C2 CompilerThread0" daemon [_thread_in_native, id=17940, stack(0x0000004705a00000,0x0000004705b00000)]


Current CompileTask:
C2:   4668 2332   !   4       java.lang.ClassLoader::loadClass (121 bytes)

Stack: [0x0000004705a00000,0x0000004705b00000]
Native frames: (J=compiled Java code, j=interpreted, Vv=VM code, C=native code)
V  [jvm.dll+0x688de9]
V  [jvm.dll+0x8423da]
V  [jvm.dll+0x84401e]
V  [jvm.dll+0x844683]
V  [jvm.dll+0x24be0f]
V  [jvm.dll+0xac524]
V  [jvm.dll+0xacb6c]
V  [jvm.dll+0x36bd67]
V  [jvm.dll+0x33615a]
V  [jvm.dll+0x3355fa]
V  [jvm.dll+0x21daa1]
V  [jvm.dll+0x21cec1]
V  [jvm.dll+0x1a60ad]
V  [jvm.dll+0x22cd78]
V  [jvm.dll+0x22aeb0]
V  [jvm.dll+0x7f6877]
V  [jvm.dll+0x7f0c7a]
V  [jvm.dll+0x687c65]
C  [ucrtbase.dll+0x29333]
C  [KERNEL32.DLL+0x1257d]
C  [ntdll.dll+0x5af28]


---------------  P R O C E S S  ---------------

Threads class SMR info:
_java_thread_list=0x000001d9e0438330, length=25, elements={
0x000001d9bf7af5a0, 0x000001d9d9613f50, 0x000001d9d9615a30, 0x000001d9d9624640,
0x000001d9d9625010, 0x000001d9d9796690, 0x000001d9d9798f70, 0x000001d9d97a5d60,
0x000001d9d97a6810, 0x000001d9d97a7210, 0x000001d9d9893510, 0x000001d9d99bb800,
0x000001d9e0683440, 0x000001d9df6c4f80, 0x000001d9df77bc40, 0x000001d9e0461320,
0x000001d9e0129fc0, 0x000001d9df457ef0, 0x000001d9df456ab0, 0x000001d9df458910,
0x000001d9df4579e0, 0x000001d9df459330, 0x000001d9df456090, 0x000001d9df4574d0,
0x000001d9df458400
}

Java Threads: ( => current thread )
  0x000001d9bf7af5a0 JavaThread "main" [_thread_blocked, id=16820, stack(0x0000004704d00000,0x0000004704e00000)]
  0x000001d9d9613f50 JavaThread "Reference Handler" daemon [_thread_blocked, id=17092, stack(0x0000004705400000,0x0000004705500000)]
  0x000001d9d9615a30 JavaThread "Finalizer" daemon [_thread_blocked, id=2744, stack(0x0000004705500000,0x0000004705600000)]
  0x000001d9d9624640 JavaThread "Signal Dispatcher" daemon [_thread_blocked, id=1440, stack(0x0000004705600000,0x0000004705700000)]
  0x000001d9d9625010 JavaThread "Attach Listener" daemon [_thread_blocked, id=2444, stack(0x0000004705700000,0x0000004705800000)]
  0x000001d9d9796690 JavaThread "Service Thread" daemon [_thread_blocked, id=13640, stack(0x0000004705800000,0x0000004705900000)]
  0x000001d9d9798f70 JavaThread "Monitor Deflation Thread" daemon [_thread_blocked, id=15468, stack(0x0000004705900000,0x0000004705a00000)]
=>0x000001d9d97a5d60 JavaThread "C2 CompilerThread0" daemon [_thread_in_native, id=17940, stack(0x0000004705a00000,0x0000004705b00000)]
  0x000001d9d97a6810 JavaThread "C1 CompilerThread0" daemon [_thread_blocked, id=6976, stack(0x0000004705b00000,0x0000004705c00000)]
  0x000001d9d97a7210 JavaThread "Sweeper thread" daemon [_thread_blocked, id=13304, stack(0x0000004705c00000,0x0000004705d00000)]
  0x000001d9d9893510 JavaThread "Common-Cleaner" daemon [_thread_blocked, id=3724, stack(0x0000004705d00000,0x0000004705e00000)]
  0x000001d9d99bb800 JavaThread "Notification Thread" daemon [_thread_blocked, id=10316, stack(0x0000004705e00000,0x0000004705f00000)]
  0x000001d9e0683440 JavaThread "Daemon health stats" [_thread_blocked, id=13068, stack(0x0000004706500000,0x0000004706600000)]
  0x000001d9df6c4f80 JavaThread "Incoming local TCP Connector on port 36575" [_thread_in_native, id=19644, stack(0x0000004706000000,0x0000004706100000)]
  0x000001d9df77bc40 JavaThread "Daemon periodic checks" [_thread_blocked, id=7084, stack(0x0000004706600000,0x0000004706700000)]
  0x000001d9e0461320 JavaThread "Daemon" [_thread_blocked, id=10904, stack(0x0000004706700000,0x0000004706800000)]
  0x000001d9e0129fc0 JavaThread "Handler for socket connection from /127.0.0.1:36575 to /127.0.0.1:36585" [_thread_in_native, id=2576, stack(0x0000004706800000,0x0000004706900000)]
  0x000001d9df457ef0 JavaThread "Cancel handler" [_thread_blocked, id=11208, stack(0x0000004706900000,0x0000004706a00000)]
  0x000001d9df456ab0 JavaThread "Daemon worker" [_thread_in_vm, id=20248, stack(0x0000004706a00000,0x0000004706b00000)]
  0x000001d9df458910 JavaThread "Asynchronous log dispatcher for DefaultDaemonConnection: socket connection from /127.0.0.1:36575 to /127.0.0.1:36585" [_thread_blocked, id=16552, stack(0x0000004706b00000,0x0000004706c00000)]
  0x000001d9df4579e0 JavaThread "Stdin handler" [_thread_blocked, id=18200, stack(0x0000004706c00000,0x0000004706d00000)]
  0x000001d9df459330 JavaThread "Daemon client event forwarder" [_thread_blocked, id=14880, stack(0x0000004706d00000,0x0000004706e00000)]
  0x000001d9df456090 JavaThread "Cache worker for journal cache (C:\Users\ADMIN\.gradle\caches\journal-1)" [_thread_blocked, id=12432, stack(0x0000004707200000,0x0000004707300000)]
  0x000001d9df4574d0 JavaThread "File lock request listener" [_thread_in_native, id=2556, stack(0x0000004707300000,0x0000004707400000)]
  0x000001d9df458400 JavaThread "Cache worker for file hash cache (C:\Users\ADMIN\.gradle\caches\8.7\fileHashes)" [_thread_blocked, id=2868, stack(0x0000004707400000,0x0000004707500000)]

Other Threads:
  0x000001d9d960ea00 VMThread "VM Thread" [stack: 0x0000004705300000,0x0000004705400000] [id=17296]
  0x000001d9d99bbce0 WatcherThread [stack: 0x0000004705f00000,0x0000004706000000] [id=12248]
  0x000001d9bf8097c0 GCTaskThread "GC Thread#0" [stack: 0x0000004704e00000,0x0000004704f00000] [id=9888]
  0x000001d9deafd110 GCTaskThread "GC Thread#1" [stack: 0x0000004706100000,0x0000004706200000] [id=17220]
  0x000001d9deb653e0 GCTaskThread "GC Thread#2" [stack: 0x0000004706200000,0x0000004706300000] [id=18984]
  0x000001d9dea17e20 GCTaskThread "GC Thread#3" [stack: 0x0000004706300000,0x0000004706400000] [id=19620]
  0x000001d9deda3440 GCTaskThread "GC Thread#4" [stack: 0x0000004706400000,0x0000004706500000] [id=6816]
  0x000001d9e03072d0 GCTaskThread "GC Thread#5" [stack: 0x0000004706e00000,0x0000004706f00000] [id=9508]
  0x000001d9e03067d0 GCTaskThread "GC Thread#6" [stack: 0x0000004706f00000,0x0000004707000000] [id=11312]
  0x000001d9e0306510 GCTaskThread "GC Thread#7" [stack: 0x0000004707000000,0x0000004707100000] [id=9460]
  0x000001d9bf81a710 ConcurrentGCThread "G1 Main Marker" [stack: 0x0000004704f00000,0x0000004705000000] [id=20272]
  0x000001d9bf81b130 ConcurrentGCThread "G1 Conc#0" [stack: 0x0000004705000000,0x0000004705100000] [id=1224]
  0x000001d9e0306d50 ConcurrentGCThread "G1 Conc#1" [stack: 0x0000004707100000,0x0000004707200000] [id=17960]
  0x000001d9bf85de30 ConcurrentGCThread "G1 Refine#0" [stack: 0x0000004705100000,0x0000004705200000] [id=2228]
  0x000001d9bf85e860 ConcurrentGCThread "G1 Service" [stack: 0x0000004705200000,0x0000004705300000] [id=12760]

Threads with active compile tasks:
C2 CompilerThread0     4692 2332   !   4       java.lang.ClassLoader::loadClass (121 bytes)

VM state: not at safepoint (normal execution)

VM Mutex/Monitor currently owned by a thread: None

Heap address: 0x0000000080000000, size: 2048 MB, Compressed Oops mode: 32-bit

CDS archive(s) not mapped
Compressed class space mapped at: 0x0000000100000000-0x0000000140000000, reserved size: 1073741824
Narrow klass base: 0x0000000000000000, Narrow klass shift: 3, Narrow klass range: 0x140000000

GC Precious Log:
 CPUs: 8 total, 8 available
 Memory: 7975M
 Large Page Support: Disabled
 NUMA Support: Disabled
 Compressed Oops: Enabled (32-bit)
 Heap Region Size: 1M
 Heap Min Capacity: 8M
 Heap Initial Capacity: 126M
 Heap Max Capacity: 2G
 Pre-touch: Disabled
 Parallel Workers: 8
 Concurrent Workers: 2
 Concurrent Refinement Workers: 8
 Periodic GC: Disabled

Heap:
 garbage-first heap   total 68608K, used 23960K [0x0000000080000000, 0x0000000100000000)
  region size 1024K, 6 young (6144K), 2 survivors (2048K)
 Metaspace       used 26771K, committed 27072K, reserved 1114112K
  class space    used 3425K, committed 3520K, reserved 1048576K

Heap Regions: E=young(eden), S=young(survivor), O=old, HS=humongous(starts), HC=humongous(continues), CS=collection set, F=free, OA=open archive, CA=closed archive, TAMS=top-at-mark-start (previous, next)
|   0|0x0000000080000000, 0x0000000080100000, 0x0000000080100000|100%|HS|  |TAMS 0x0000000080100000, 0x0000000080000000| Complete 
|   1|0x0000000080100000, 0x0000000080200000, 0x0000000080200000|100%|HC|  |TAMS 0x0000000080200000, 0x0000000080100000| Complete 
|   2|0x0000000080200000, 0x0000000080300000, 0x0000000080300000|100%|HC|  |TAMS 0x0000000080300000, 0x0000000080200000| Complete 
|   3|0x0000000080300000, 0x0000000080400000, 0x0000000080400000|100%|HC|  |TAMS 0x0000000080400000, 0x0000000080300000| Complete 
|   4|0x0000000080400000, 0x0000000080500000, 0x0000000080500000|100%| O|  |TAMS 0x0000000080500000, 0x0000000080400000| Untracked 
|   5|0x0000000080500000, 0x0000000080600000, 0x0000000080600000|100%| O|  |TAMS 0x0000000080600000, 0x0000000080500000| Untracked 
|   6|0x0000000080600000, 0x0000000080700000, 0x0000000080700000|100%| O|  |TAMS 0x0000000080700000, 0x0000000080600000| Untracked 
|   7|0x0000000080700000, 0x0000000080800000, 0x0000000080800000|100%| O|  |TAMS 0x0000000080800000, 0x0000000080700000| Untracked 
|   8|0x0000000080800000, 0x0000000080900000, 0x0000000080900000|100%| O|  |TAMS 0x0000000080900000, 0x0000000080800000| Untracked 
|   9|0x0000000080900000, 0x0000000080a00000, 0x0000000080a00000|100%| O|  |TAMS 0x0000000080a00000, 0x0000000080900000| Untracked 
|  10|0x0000000080a00000, 0x0000000080ace600, 0x0000000080b00000| 80%| O|  |TAMS 0x0000000080a6d600, 0x0000000080a00000| Untracked 
|  11|0x0000000080b00000, 0x0000000080c00000, 0x0000000080c00000|100%| O|  |TAMS 0x0000000080b00000, 0x0000000080b00000| Untracked 
|  12|0x0000000080c00000, 0x0000000080d00000, 0x0000000080d00000|100%| O|  |TAMS 0x0000000080c00000, 0x0000000080c00000| Untracked 
|  13|0x0000000080d00000, 0x0000000080e00000, 0x0000000080e00000|100%| O|  |TAMS 0x0000000080d00000, 0x0000000080d00000| Untracked 
|  14|0x0000000080e00000, 0x0000000080f00000, 0x0000000080f00000|100%| O|  |TAMS 0x0000000080e00000, 0x0000000080e00000| Untracked 
|  15|0x0000000080f00000, 0x0000000081000000, 0x0000000081000000|100%| O|  |TAMS 0x0000000080f00000, 0x0000000080f00000| Untracked 
|  16|0x0000000081000000, 0x0000000081100000, 0x0000000081100000|100%| O|  |TAMS 0x0000000081000000, 0x0000000081000000| Untracked 
|  17|0x0000000081100000, 0x0000000081200000, 0x0000000081200000|100%| O|  |TAMS 0x0000000081100000, 0x0000000081100000| Untracked 
|  18|0x0000000081200000, 0x00000000812d2800, 0x0000000081300000| 82%| O|  |TAMS 0x0000000081200000, 0x0000000081200000| Untracked 
|  19|0x0000000081300000, 0x0000000081300000, 0x0000000081400000|  0%| F|  |TAMS 0x0000000081300000, 0x0000000081300000| Untracked 
|  20|0x0000000081400000, 0x0000000081400000, 0x0000000081500000|  0%| F|  |TAMS 0x0000000081400000, 0x0000000081400000| Untracked 
|  21|0x0000000081500000, 0x0000000081500000, 0x0000000081600000|  0%| F|  |TAMS 0x0000000081500000, 0x0000000081500000| Untracked 
|  22|0x0000000081600000, 0x0000000081600000, 0x0000000081700000|  0%| F|  |TAMS 0x0000000081600000, 0x0000000081600000| Untracked 
|  23|0x0000000081700000, 0x0000000081700000, 0x0000000081800000|  0%| F|  |TAMS 0x0000000081700000, 0x0000000081700000| Untracked 
|  24|0x0000000081800000, 0x0000000081800000, 0x0000000081900000|  0%| F|  |TAMS 0x0000000081800000, 0x0000000081800000| Untracked 
|  25|0x0000000081900000, 0x00000000819c5580, 0x0000000081a00000| 77%| S|CS|TAMS 0x0000000081900000, 0x0000000081900000| Complete 
|  26|0x0000000081a00000, 0x0000000081b00000, 0x0000000081b00000|100%| S|CS|TAMS 0x0000000081a00000, 0x0000000081a00000| Complete 
|  27|0x0000000081b00000, 0x0000000081b00000, 0x0000000081c00000|  0%| F|  |TAMS 0x0000000081b00000, 0x0000000081b00000| Untracked 
|  28|0x0000000081c00000, 0x0000000081c00000, 0x0000000081d00000|  0%| F|  |TAMS 0x0000000081c00000, 0x0000000081c00000| Untracked 
|  29|0x0000000081d00000, 0x0000000081d00000, 0x0000000081e00000|  0%| F|  |TAMS 0x0000000081d00000, 0x0000000081d00000| Untracked 
|  30|0x0000000081e00000, 0x0000000081e00000, 0x0000000081f00000|  0%| F|  |TAMS 0x0000000081e00000, 0x0000000081e00000| Untracked 
|  31|0x0000000081f00000, 0x0000000081f00000, 0x0000000082000000|  0%| F|  |TAMS 0x0000000081f00000, 0x0000000081f00000| Untracked 
|  32|0x0000000082000000, 0x0000000082000000, 0x0000000082100000|  0%| F|  |TAMS 0x0000000082000000, 0x0000000082000000| Untracked 
|  33|0x0000000082100000, 0x0000000082100000, 0x0000000082200000|  0%| F|  |TAMS 0x0000000082100000, 0x0000000082100000| Untracked 
|  34|0x0000000082200000, 0x0000000082200000, 0x0000000082300000|  0%| F|  |TAMS 0x0000000082200000, 0x0000000082200000| Untracked 
|  35|0x0000000082300000, 0x0000000082300000, 0x0000000082400000|  0%| F|  |TAMS 0x0000000082300000, 0x0000000082300000| Untracked 
|  36|0x0000000082400000, 0x0000000082400000, 0x0000000082500000|  0%| F|  |TAMS 0x0000000082400000, 0x0000000082400000| Untracked 
|  37|0x0000000082500000, 0x0000000082500000, 0x0000000082600000|  0%| F|  |TAMS 0x0000000082500000, 0x0000000082500000| Untracked 
|  38|0x0000000082600000, 0x0000000082600000, 0x0000000082700000|  0%| F|  |TAMS 0x0000000082600000, 0x0000000082600000| Untracked 
|  39|0x0000000082700000, 0x0000000082700000, 0x0000000082800000|  0%| F|  |TAMS 0x0000000082700000, 0x0000000082700000| Untracked 
|  40|0x0000000082800000, 0x0000000082800000, 0x0000000082900000|  0%| F|  |TAMS 0x0000000082800000, 0x0000000082800000| Untracked 
|  41|0x0000000082900000, 0x0000000082900000, 0x0000000082a00000|  0%| F|  |TAMS 0x0000000082900000, 0x0000000082900000| Untracked 
|  42|0x0000000082a00000, 0x0000000082a00000, 0x0000000082b00000|  0%| F|  |TAMS 0x0000000082a00000, 0x0000000082a00000| Untracked 
|  43|0x0000000082b00000, 0x0000000082b00000, 0x0000000082c00000|  0%| F|  |TAMS 0x0000000082b00000, 0x0000000082b00000| Untracked 
|  44|0x0000000082c00000, 0x0000000082c00000, 0x0000000082d00000|  0%| F|  |TAMS 0x0000000082c00000, 0x0000000082c00000| Untracked 
|  45|0x0000000082d00000, 0x0000000082d00000, 0x0000000082e00000|  0%| F|  |TAMS 0x0000000082d00000, 0x0000000082d00000| Untracked 
|  46|0x0000000082e00000, 0x0000000082e00000, 0x0000000082f00000|  0%| F|  |TAMS 0x0000000082e00000, 0x0000000082e00000| Untracked 
|  47|0x0000000082f00000, 0x0000000082f00000, 0x0000000083000000|  0%| F|  |TAMS 0x0000000082f00000, 0x0000000082f00000| Untracked 
|  48|0x0000000083000000, 0x0000000083000000, 0x0000000083100000|  0%| F|  |TAMS 0x0000000083000000, 0x0000000083000000| Untracked 
|  49|0x0000000083100000, 0x0000000083100000, 0x0000000083200000|  0%| F|  |TAMS 0x0000000083100000, 0x0000000083100000| Untracked 
|  50|0x0000000083200000, 0x0000000083200000, 0x0000000083300000|  0%| F|  |TAMS 0x0000000083200000, 0x0000000083200000| Untracked 
|  51|0x0000000083300000, 0x0000000083300000, 0x0000000083400000|  0%| F|  |TAMS 0x0000000083300000, 0x0000000083300000| Untracked 
|  52|0x0000000083400000, 0x0000000083400000, 0x0000000083500000|  0%| F|  |TAMS 0x0000000083400000, 0x0000000083400000| Untracked 
|  53|0x0000000083500000, 0x0000000083500000, 0x0000000083600000|  0%| F|  |TAMS 0x0000000083500000, 0x0000000083500000| Untracked 
|  54|0x0000000083600000, 0x0000000083600000, 0x0000000083700000|  0%| F|  |TAMS 0x0000000083600000, 0x0000000083600000| Untracked 
|  55|0x0000000083700000, 0x0000000083700000, 0x0000000083800000|  0%| F|  |TAMS 0x0000000083700000, 0x0000000083700000| Untracked 
|  56|0x0000000083800000, 0x0000000083800000, 0x0000000083900000|  0%| F|  |TAMS 0x0000000083800000, 0x0000000083800000| Untracked 
|  57|0x0000000083900000, 0x0000000083900000, 0x0000000083a00000|  0%| F|  |TAMS 0x0000000083900000, 0x0000000083900000| Untracked 
|  68|0x0000000084400000, 0x0000000084400000, 0x0000000084500000|  0%| F|  |TAMS 0x0000000084400000, 0x0000000084400000| Untracked 
|  69|0x0000000084500000, 0x0000000084500000, 0x0000000084600000|  0%| F|  |TAMS 0x0000000084500000, 0x0000000084500000| Untracked 
|  70|0x0000000084600000, 0x0000000084600000, 0x0000000084700000|  0%| F|  |TAMS 0x0000000084600000, 0x0000000084600000| Untracked 
|  71|0x0000000084700000, 0x0000000084700000, 0x0000000084800000|  0%| F|  |TAMS 0x0000000084700000, 0x0000000084700000| Untracked 
|  72|0x0000000084800000, 0x0000000084800000, 0x0000000084900000|  0%| F|  |TAMS 0x0000000084800000, 0x0000000084800000| Untracked 
|  73|0x0000000084900000, 0x000000008494cca8, 0x0000000084a00000| 29%| E|  |TAMS 0x0000000084900000, 0x0000000084900000| Complete 
|  74|0x0000000084a00000, 0x0000000084b00000, 0x0000000084b00000|100%| E|CS|TAMS 0x0000000084a00000, 0x0000000084a00000| Complete 
|  75|0x0000000084b00000, 0x0000000084c00000, 0x0000000084c00000|100%| E|CS|TAMS 0x0000000084b00000, 0x0000000084b00000| Complete 
| 125|0x0000000087d00000, 0x0000000087e00000, 0x0000000087e00000|100%| E|CS|TAMS 0x0000000087d00000, 0x0000000087d00000| Complete 

Card table byte_map: [0x000001d9d23b0000,0x000001d9d27b0000] _byte_map_base: 0x000001d9d1fb0000

Marking Bits (Prev, Next): (CMBitMap*) 0x000001d9bf809e20, (CMBitMap*) 0x000001d9bf809de0
 Prev Bits: [0x000001d9d4bb0000, 0x000001d9d6bb0000)
 Next Bits: [0x000001d9d2bb0000, 0x000001d9d4bb0000)

Polling page: 0x000001d9bd6d0000

Metaspace:

Usage:
  Non-class:     22.81 MB used.
      Class:      3.35 MB used.
       Both:     26.16 MB used.

Virtual space:
  Non-class space:       64.00 MB reserved,      23.00 MB ( 36%) committed,  1 nodes.
      Class space:        1.00 GB reserved,       3.44 MB ( <1%) committed,  1 nodes.
             Both:        1.06 GB reserved,      26.44 MB (  2%) committed. 

Chunk freelists:
   Non-Class:  9.03 MB
       Class:  12.50 MB
        Both:  21.53 MB

MaxMetaspaceSize: unlimited
CompressedClassSpaceSize: 1.00 GB
Initial GC threshold: 21.00 MB
Current GC threshold: 35.12 MB
CDS: off
MetaspaceReclaimPolicy: balanced
 - commit_granule_bytes: 65536.
 - commit_granule_words: 8192.
 - virtual_space_node_default_size: 8388608.
 - enlarge_chunks_in_place: 1.
 - new_chunks_are_fully_committed: 0.
 - uncommit_free_chunks: 1.
 - use_allocation_guard: 0.
 - handle_deallocations: 1.


Internal statistics:

num_allocs_failed_limit: 3.
num_arena_births: 208.
num_arena_deaths: 0.
num_vsnodes_births: 2.
num_vsnodes_deaths: 0.
num_space_committed: 423.
num_space_uncommitted: 0.
num_chunks_returned_to_freelist: 3.
num_chunks_taken_from_freelist: 816.
num_chunk_merges: 3.
num_chunk_splits: 539.
num_chunks_enlarged: 388.
num_inconsistent_stats: 0.

CodeHeap 'non-profiled nmethods': size=120000Kb used=1184Kb max_used=1184Kb free=118815Kb
 bounds [0x000001d9ca750000, 0x000001d9ca9c0000, 0x000001d9d1c80000]
CodeHeap 'profiled nmethods': size=120000Kb used=4804Kb max_used=4804Kb free=115195Kb
 bounds [0x000001d9c2c80000, 0x000001d9c3140000, 0x000001d9ca1b0000]
CodeHeap 'non-nmethods': size=5760Kb used=1237Kb max_used=1272Kb free=4522Kb
 bounds [0x000001d9ca1b0000, 0x000001d9ca420000, 0x000001d9ca750000]
 total_blobs=2913 nmethods=2375 adapters=450
 compilation: enabled
              stopped_count=0, restarted_count=0
 full_count=0

Compilation events (20 events):
Event: 4.655 Thread 0x000001d9d97a6810 2363       3       java.lang.reflect.Proxy::getProxyConstructor (92 bytes)
Event: 4.655 Thread 0x000001d9d97a6810 nmethod 2363 0x000001d9c311d910 code [0x000001d9c311dc00, 0x000001d9c311f1c8]
Event: 4.656 Thread 0x000001d9d97a6810 2365       3       jdk.internal.reflect.ByteVectorImpl::get (26 bytes)
Event: 4.656 Thread 0x000001d9d97a6810 nmethod 2365 0x000001d9c311f790 code [0x000001d9c311f940, 0x000001d9c311fb08]
Event: 4.657 Thread 0x000001d9d97a6810 2366       1       java.util.Collections$SingletonList::size (2 bytes)
Event: 4.657 Thread 0x000001d9d97a6810 nmethod 2366 0x000001d9ca877e90 code [0x000001d9ca878020, 0x000001d9ca8780f8]
Event: 4.657 Thread 0x000001d9d97a6810 2367       3       jdk.internal.org.objectweb.asm.MethodWriter::putFrame (549 bytes)
Event: 4.658 Thread 0x000001d9d97a6810 nmethod 2367 0x000001d9c311fc10 code [0x000001d9c3120080, 0x000001d9c3121bb8]
Event: 4.660 Thread 0x000001d9d97a6810 2368       3       org.gradle.internal.service.DefaultServiceRegistry::access$1600 (6 bytes)
Event: 4.660 Thread 0x000001d9d97a6810 nmethod 2368 0x000001d9c3122810 code [0x000001d9c31229a0, 0x000001d9c3122aa8]
Event: 4.660 Thread 0x000001d9d97a6810 2369       3       org.gradle.internal.service.DefaultServiceRegistry$ManagedObjectServiceProvider::requiredBy (20 bytes)
Event: 4.660 Thread 0x000001d9d97a6810 nmethod 2369 0x000001d9c3122b90 code [0x000001d9c3122d60, 0x000001d9c3123248]
Event: 4.660 Thread 0x000001d9d97a6810 2370       3       org.gradle.internal.service.DefaultServiceRegistry$ManagedObjectServiceProvider::fromSameRegistry (27 bytes)
Event: 4.660 Thread 0x000001d9d97a6810 nmethod 2370 0x000001d9c3123390 code [0x000001d9c3123540, 0x000001d9c31238b8]
Event: 4.660 Thread 0x000001d9d97a6810 2371       3       java.util.regex.Pattern$GroupTail::match (111 bytes)
Event: 4.660 Thread 0x000001d9d97a6810 nmethod 2371 0x000001d9c3123990 code [0x000001d9c3123b60, 0x000001d9c3123f08]
Event: 4.660 Thread 0x000001d9d97a6810 2372       3       java.util.regex.Pattern::qtype (39 bytes)
Event: 4.660 Thread 0x000001d9d97a6810 nmethod 2372 0x000001d9c3124110 code [0x000001d9c31242e0, 0x000001d9c3124568]
Event: 4.662 Thread 0x000001d9d97a6810 2373       3       java.lang.reflect.ReflectAccess::getRoot (5 bytes)
Event: 4.663 Thread 0x000001d9d97a6810 nmethod 2373 0x000001d9c3124690 code [0x000001d9c3124840, 0x000001d9c3124a08]

GC Heap History (8 events):
Event: 1.167 GC heap before
{Heap before GC invocations=0 (full 0):
 garbage-first heap   total 129024K, used 26624K [0x0000000080000000, 0x0000000100000000)
  region size 1024K, 23 young (23552K), 0 survivors (0K)
 Metaspace       used 10372K, committed 10560K, reserved 1114112K
  class space    used 1067K, committed 1152K, reserved 1048576K
}
Event: 1.174 GC heap after
{Heap after GC invocations=1 (full 0):
 garbage-first heap   total 129024K, used 10283K [0x0000000080000000, 0x0000000100000000)
  region size 1024K, 3 young (3072K), 3 survivors (3072K)
 Metaspace       used 10372K, committed 10560K, reserved 1114112K
  class space    used 1067K, committed 1152K, reserved 1048576K
}
Event: 1.671 GC heap before
{Heap before GC invocations=1 (full 0):
 garbage-first heap   total 129024K, used 38955K [0x0000000080000000, 0x0000000100000000)
  region size 1024K, 31 young (31744K), 3 survivors (3072K)
 Metaspace       used 11449K, committed 11648K, reserved 1114112K
  class space    used 1197K, committed 1280K, reserved 1048576K
}
Event: 1.676 GC heap after
{Heap after GC invocations=2 (full 0):
 garbage-first heap   total 129024K, used 11620K [0x0000000080000000, 0x0000000100000000)
  region size 1024K, 1 young (1024K), 1 survivors (1024K)
 Metaspace       used 11449K, committed 11648K, reserved 1114112K
  class space    used 1197K, committed 1280K, reserved 1048576K
}
Event: 3.767 GC heap before
{Heap before GC invocations=2 (full 0):
 garbage-first heap   total 129024K, used 61796K [0x0000000080000000, 0x0000000100000000)
  region size 1024K, 50 young (51200K), 1 survivors (1024K)
 Metaspace       used 21256K, committed 21504K, reserved 1114112K
  class space    used 2488K, committed 2624K, reserved 1048576K
}
Event: 3.774 GC heap after
{Heap after GC invocations=3 (full 0):
 garbage-first heap   total 129024K, used 19257K [0x0000000080000000, 0x0000000100000000)
  region size 1024K, 8 young (8192K), 8 survivors (8192K)
 Metaspace       used 21256K, committed 21504K, reserved 1114112K
  class space    used 2488K, committed 2624K, reserved 1048576K
}
Event: 4.622 GC heap before
{Heap before GC invocations=4 (full 0):
 garbage-first heap   total 68608K, used 52025K [0x0000000080000000, 0x0000000100000000)
  region size 1024K, 40 young (40960K), 8 survivors (8192K)
 Metaspace       used 26270K, committed 26560K, reserved 1114112K
  class space    used 3343K, committed 3456K, reserved 1048576K
}
Event: 4.628 GC heap after
{Heap after GC invocations=5 (full 0):
 garbage-first heap   total 68608K, used 20888K [0x0000000080000000, 0x0000000100000000)
  region size 1024K, 2 young (2048K), 2 survivors (2048K)
 Metaspace       used 26270K, committed 26560K, reserved 1114112K
  class space    used 3343K, committed 3456K, reserved 1048576K
}

Dll operation events (3 events):
Event: 0.013 Loaded shared library D:\Android\jbr\bin\java.dll
Event: 0.206 Loaded shared library D:\Android\jbr\bin\zip.dll
Event: 0.794 Loaded shared library D:\Android\jbr\bin\verify.dll

Deoptimization events (20 events):
Event: 3.750 Thread 0x000001d9df456ab0 Uncommon trap: trap_request=0xffffff45 fr.pc=0x000001d9ca7f74f8 relative=0x00000000000003b8
Event: 3.750 Thread 0x000001d9df456ab0 Uncommon trap: reason=unstable_if action=reinterpret pc=0x000001d9ca7f74f8 method=java.util.concurrent.ConcurrentHashMap.get(Ljava/lang/Object;)Ljava/lang/Object; @ 76 c2
Event: 3.750 Thread 0x000001d9df456ab0 DEOPT PACKING pc=0x000001d9ca7f74f8 sp=0x0000004706afb670
Event: 3.750 Thread 0x000001d9df456ab0 DEOPT UNPACKING pc=0x000001d9ca20a1a3 sp=0x0000004706afb5e8 mode 2
Event: 4.235 Thread 0x000001d9df456ab0 Uncommon trap: trap_request=0xffffff45 fr.pc=0x000001d9ca76f598 relative=0x0000000000000b98
Event: 4.235 Thread 0x000001d9df456ab0 Uncommon trap: reason=unstable_if action=reinterpret pc=0x000001d9ca76f598 method=java.io.WinNTFileSystem.resolve(Ljava/lang/String;Ljava/lang/String;)Ljava/lang/String; @ 19 c2
Event: 4.235 Thread 0x000001d9df456ab0 DEOPT PACKING pc=0x000001d9ca76f598 sp=0x0000004706afb4f0
Event: 4.235 Thread 0x000001d9df456ab0 DEOPT UNPACKING pc=0x000001d9ca20a1a3 sp=0x0000004706afb498 mode 2
Event: 4.238 Thread 0x000001d9df456ab0 Uncommon trap: trap_request=0xffffff45 fr.pc=0x000001d9ca7c08d0 relative=0x0000000000000610
Event: 4.238 Thread 0x000001d9df456ab0 Uncommon trap: reason=unstable_if action=reinterpret pc=0x000001d9ca7c08d0 method=java.io.File.getName()Ljava/lang/String; @ 16 c2
Event: 4.238 Thread 0x000001d9df456ab0 DEOPT PACKING pc=0x000001d9ca7c08d0 sp=0x0000004706afb490
Event: 4.238 Thread 0x000001d9df456ab0 DEOPT UNPACKING pc=0x000001d9ca20a1a3 sp=0x0000004706afb460 mode 2
Event: 4.332 Thread 0x000001d9df456ab0 Uncommon trap: trap_request=0xffffff45 fr.pc=0x000001d9ca7756f4 relative=0x00000000000000d4
Event: 4.332 Thread 0x000001d9df456ab0 Uncommon trap: reason=unstable_if action=reinterpret pc=0x000001d9ca7756f4 method=java.util.HashMap.hash(Ljava/lang/Object;)I @ 1 c2
Event: 4.332 Thread 0x000001d9df456ab0 DEOPT PACKING pc=0x000001d9ca7756f4 sp=0x0000004706afc200
Event: 4.332 Thread 0x000001d9df456ab0 DEOPT UNPACKING pc=0x000001d9ca20a1a3 sp=0x0000004706afc140 mode 2
Event: 4.370 Thread 0x000001d9df456ab0 Uncommon trap: trap_request=0xffffff45 fr.pc=0x000001d9ca84624c relative=0x00000000000006ac
Event: 4.370 Thread 0x000001d9df456ab0 Uncommon trap: reason=unstable_if action=reinterpret pc=0x000001d9ca84624c method=java.util.ArrayList.grow(I)[Ljava/lang/Object; @ 17 c2
Event: 4.370 Thread 0x000001d9df456ab0 DEOPT PACKING pc=0x000001d9ca84624c sp=0x0000004706afce30
Event: 4.370 Thread 0x000001d9df456ab0 DEOPT UNPACKING pc=0x000001d9ca20a1a3 sp=0x0000004706afccc8 mode 2

Classes unloaded (0 events):
No events

Classes redefined (0 events):
No events

Internal exceptions (20 events):
Event: 3.802 Thread 0x000001d9df456ab0 Exception <a 'java/lang/NoSuchMethodError'{0x00000000839b1ff0}: 'void java.lang.invoke.DirectMethodHandle$Holder.invokeSpecial(java.lang.Object, java.lang.Object, java.lang.Object)'> (0x00000000839b1ff0) 
thrown [s\src\hotspot\share\interpreter\linkResolver.cpp, line 771]
Event: 3.823 Thread 0x000001d9df456ab0 Exception <a 'java/lang/NoSuchMethodError'{0x00000000838a2b20}: 'java.lang.Object java.lang.invoke.DirectMethodHandle$Holder.newInvokeSpecial(java.lang.Object, java.lang.Object, java.lang.Object, java.lang.Object, java.lang.Object, java.lang.Object)'> (0x00000000838a2b20) 
thrown [s\src\hotspot\share\interpreter\linkResolver.cpp, line 771]
Event: 3.828 Thread 0x000001d9df456ab0 Exception <a 'java/lang/NoSuchMethodError'{0x00000000838ba760}: 'void java.lang.invoke.DirectMethodHandle$Holder.invokeSpecial(java.lang.Object, java.lang.Object, java.lang.Object, java.lang.Object, java.lang.Object)'> (0x00000000838ba760) 
thrown [s\src\hotspot\share\interpreter\linkResolver.cpp, line 771]
Event: 3.830 Thread 0x000001d9df456ab0 Exception <a 'java/lang/NoSuchMethodError'{0x00000000838ce710}: 'void java.lang.invoke.DirectMethodHandle$Holder.invokeStaticInit(java.lang.Object, java.lang.Object)'> (0x00000000838ce710) 
thrown [s\src\hotspot\share\interpreter\linkResolver.cpp, line 771]
Event: 3.902 Thread 0x000001d9df456ab0 Exception <a 'java/lang/NoSuchMethodError'{0x0000000083589568}: 'void java.lang.invoke.DelegatingMethodHandle$Holder.reinvoke_L(java.lang.Object, java.lang.Object, java.lang.Object, java.lang.Object, java.lang.Object, java.lang.Object, java.lang.Object, java.lang.Object, java.lang.Object, java.lang.Object)'> (0x0000000083589568) 
thrown [s\src\hotspot\share\interpreter\linkResolver.cpp, line 771]
Event: 3.903 Thread 0x000001d9df456ab0 Exception <a 'java/lang/NoSuchMethodError'{0x0000000083591b18}: 'java.lang.Object java.lang.invoke.DirectMethodHandle$Holder.invokeSpecial(java.lang.Object, java.lang.Object, java.lang.Object, java.lang.Object, java.lang.Object, java.lang.Object, java.lang.Object, java.lang.Object, java.lang.Object, java.lang.Object)'> (0x0000000083591b18) 
thrown [s\src\hotspot\share\interpreter\linkResolver.cpp, line 771]
Event: 3.903 Thread 0x000001d9df456ab0 Exception <a 'java/lang/NoSuchMethodError'{0x00000000835963e8}: 'java.lang.Object java.lang.invoke.Invokers$Holder.invoker(java.lang.Object, java.lang.Object, java.lang.Object, java.lang.Object, java.lang.Object, java.lang.Object, java.lang.Object, java.lang.Object, java.lang.Object, java.lang.Object)'> (0x00000000835963e8) 
thrown [s\src\hotspot\share\interpreter\linkResolver.cpp, line 771]
Event: 3.904 Thread 0x000001d9df456ab0 Exception <a 'java/lang/NoSuchMethodError'{0x000000008359bff0}: 'java.lang.Object java.lang.invoke.DirectMethodHandle$Holder.invokeSpecial(java.lang.Object, java.lang.Object, java.lang.Object, java.lang.Object, java.lang.Object, java.lang.Object, java.lang.Object, java.lang.Object, java.lang.Object, java.lang.Object, java.lang.Object)'> (0x000000008359bff0) 
thrown [s\src\hotspot\share\interpreter\linkResolver.cpp, line 771]
Event: 4.094 Thread 0x000001d9df456ab0 Exception <a 'java/lang/NoSuchMethodError'{0x0000000082f69dc8}: 'void java.lang.invoke.DirectMethodHandle$Holder.invokeStaticInit(java.lang.Object)'> (0x0000000082f69dc8) 
thrown [s\src\hotspot\share\interpreter\linkResolver.cpp, line 771]
Event: 4.114 Thread 0x000001d9df456ab0 Exception <a 'java/lang/NoSuchMethodError'{0x0000000082e219e8}: 'java.lang.Object java.lang.invoke.DirectMethodHandle$Holder.newInvokeSpecial(java.lang.Object, java.lang.Object, java.lang.Object, int)'> (0x0000000082e219e8) 
thrown [s\src\hotspot\share\interpreter\linkResolver.cpp, line 771]
Event: 4.115 Thread 0x000001d9df456ab0 Exception <a 'java/lang/NoSuchMethodError'{0x0000000082e26318}: 'java.lang.Object java.lang.invoke.DirectMethodHandle$Holder.invokeSpecial(java.lang.Object, java.lang.Object, java.lang.Object, java.lang.Object, int)'> (0x0000000082e26318) 
thrown [s\src\hotspot\share\interpreter\linkResolver.cpp, line 771]
Event: 4.115 Thread 0x000001d9df456ab0 Exception <a 'java/lang/NoSuchMethodError'{0x0000000082e2a430}: 'java.lang.Object java.lang.invoke.Invokers$Holder.linkToTargetMethod(java.lang.Object, java.lang.Object, int, java.lang.Object)'> (0x0000000082e2a430) 
thrown [s\src\hotspot\share\interpreter\linkResolver.cpp, line 771]
Event: 4.280 Thread 0x000001d9df456ab0 Exception <a 'java/lang/NoSuchMethodError'{0x0000000082acd9f0}: 'int java.lang.invoke.DirectMethodHandle$Holder.invokeVirtual(java.lang.Object, java.lang.Object, java.lang.Object)'> (0x0000000082acd9f0) 
thrown [s\src\hotspot\share\interpreter\linkResolver.cpp, line 771]
Event: 4.300 Thread 0x000001d9df456ab0 Exception <a 'java/lang/NoSuchMethodError'{0x00000000829d4be0}: 'int java.lang.invoke.DirectMethodHandle$Holder.invokeSpecialIFC(java.lang.Object, java.lang.Object, java.lang.Object, java.lang.Object)'> (0x00000000829d4be0) 
thrown [s\src\hotspot\share\interpreter\linkResolver.cpp, line 771]
Event: 4.303 Thread 0x000001d9df456ab0 Exception <a 'java/lang/NoSuchMethodError'{0x00000000829e3ad0}: 'java.lang.Object java.lang.invoke.DirectMethodHandle$Holder.invokeInterface(java.lang.Object, java.lang.Object, java.lang.Object)'> (0x00000000829e3ad0) 
thrown [s\src\hotspot\share\interpreter\linkResolver.cpp, line 771]
Event: 4.303 Thread 0x000001d9df456ab0 Exception <a 'java/lang/IncompatibleClassChangeError'{0x00000000829e76e8}: Found class java.lang.Object, but interface was expected> (0x00000000829e76e8) 
thrown [s\src\hotspot\share\interpreter\linkResolver.cpp, line 838]
Event: 4.332 Thread 0x000001d9df456ab0 Implicit null exception at 0x000001d9ca775658 to 0x000001d9ca7756ea
Event: 4.346 Thread 0x000001d9df456ab0 Exception <a 'java/lang/NoSuchMethodError'{0x00000000827c69d8}: 'int java.lang.invoke.DirectMethodHandle$Holder.invokeStatic(java.lang.Object, java.lang.Object, java.lang.Object, java.lang.Object)'> (0x00000000827c69d8) 
thrown [s\src\hotspot\share\interpreter\linkResolver.cpp, line 771]
Event: 4.346 Thread 0x000001d9df456ab0 Exception <a 'java/lang/NoSuchMethodError'{0x00000000827ca600}: 'java.lang.Object java.lang.invoke.Invokers$Holder.invokeExact_MT(java.lang.Object, java.lang.Object, java.lang.Object, java.lang.Object, java.lang.Object, java.lang.Object)'> (0x00000000827ca600) 
thrown [s\src\hotspot\share\interpreter\linkResolver.cpp, line 771]
Event: 4.410 Thread 0x000001d9df456ab0 Exception <a 'java/lang/IncompatibleClassChangeError'{0x00000000824b34f8}: Found class java.lang.Object, but interface was expected> (0x00000000824b34f8) 
thrown [s\src\hotspot\share\interpreter\linkResolver.cpp, line 838]

VM Operations (20 events):
Event: 3.182 Executing VM operation: HandshakeAllThreads
Event: 3.182 Executing VM operation: HandshakeAllThreads done
Event: 3.182 Executing VM operation: Cleanup
Event: 3.182 Executing VM operation: Cleanup done
Event: 3.315 Executing VM operation: HandshakeAllThreads
Event: 3.315 Executing VM operation: HandshakeAllThreads done
Event: 3.767 Executing VM operation: CollectForMetadataAllocation
Event: 3.775 Executing VM operation: CollectForMetadataAllocation done
Event: 3.781 Executing VM operation: G1PauseRemark
Event: 3.783 Executing VM operation: G1PauseRemark done
Event: 3.784 Executing VM operation: G1PauseCleanup
Event: 3.790 Executing VM operation: G1PauseCleanup done
Event: 3.873 Executing VM operation: HandshakeAllThreads
Event: 3.873 Executing VM operation: HandshakeAllThreads done
Event: 4.394 Executing VM operation: HandshakeAllThreads
Event: 4.394 Executing VM operation: HandshakeAllThreads done
Event: 4.395 Executing VM operation: HandshakeAllThreads
Event: 4.395 Executing VM operation: HandshakeAllThreads done
Event: 4.622 Executing VM operation: G1CollectForAllocation
Event: 4.628 Executing VM operation: G1CollectForAllocation done

Events (20 events):
Event: 4.275 loading class java/io/FilenameFilter
Event: 4.275 loading class java/io/FilenameFilter done
Event: 4.297 loading class java/util/concurrent/Semaphore
Event: 4.297 loading class java/util/concurrent/Semaphore done
Event: 4.299 loading class java/nio/file/FileVisitOption
Event: 4.299 loading class java/nio/file/FileVisitOption done
Event: 4.304 loading class java/util/stream/ReduceOps$1
Event: 4.304 loading class java/util/stream/ReduceOps$1 done
Event: 4.304 loading class java/util/stream/ReduceOps$1ReducingSink
Event: 4.304 loading class java/util/stream/ReduceOps$1ReducingSink done
Event: 4.432 loading class java/util/Collections$2
Event: 4.432 loading class java/util/Collections$2 done
Event: 4.534 loading class java/util/function/LongFunction
Event: 4.534 loading class java/util/function/LongFunction done
Event: 4.577 loading class java/security/InvalidKeyException
Event: 4.577 loading class java/security/KeyException
Event: 4.577 loading class java/security/KeyException done
Event: 4.577 loading class java/security/InvalidKeyException done
Event: 4.664 loading class java/util/regex/Pattern$Dollar
Event: 4.664 loading class java/util/regex/Pattern$Dollar done


Dynamic libraries:
0x00007ff6d8cb0000 - 0x00007ff6d8cba000 	D:\Android\jbr\bin\java.exe
0x00007ffea2d90000 - 0x00007ffea2fa7000 	C:\WINDOWS\SYSTEM32\ntdll.dll
0x00007ffea2060000 - 0x00007ffea2124000 	C:\WINDOWS\System32\KERNEL32.DLL
0x00007ffea03d0000 - 0x00007ffea077c000 	C:\WINDOWS\System32\KERNELBASE.dll
0x00007ffe90850000 - 0x00007ffe90867000 	D:\Android\jbr\bin\jli.dll
0x00007ffea00c0000 - 0x00007ffea01d1000 	C:\WINDOWS\System32\ucrtbase.dll
0x00007ffea27c0000 - 0x00007ffea296e000 	C:\WINDOWS\System32\USER32.dll
0x00007ffea01e0000 - 0x00007ffea0206000 	C:\WINDOWS\System32\win32u.dll
0x00007ffea1d50000 - 0x00007ffea1d79000 	C:\WINDOWS\System32\GDI32.dll
0x00007ffe82f20000 - 0x00007ffe831b3000 	C:\WINDOWS\WinSxS\amd64_microsoft.windows.common-controls_6595b64144ccf1df_6.0.22621.3672_none_2713b9d173822955\COMCTL32.dll
0x00007ffea0210000 - 0x00007ffea0329000 	C:\WINDOWS\System32\gdi32full.dll
0x00007ffea0330000 - 0x00007ffea03ca000 	C:\WINDOWS\System32\msvcp_win.dll
0x00007ffea1ca0000 - 0x00007ffea1d47000 	C:\WINDOWS\System32\msvcrt.dll
0x00007ffe95d80000 - 0x00007ffe95d9b000 	D:\Android\jbr\bin\VCRUNTIME140.dll
0x00007ffea2c10000 - 0x00007ffea2c41000 	C:\WINDOWS\System32\IMM32.DLL
0x00007ffe967c0000 - 0x00007ffe967cc000 	D:\Android\jbr\bin\vcruntime140_1.dll
0x00007ffe90a90000 - 0x00007ffe90b1d000 	D:\Android\jbr\bin\msvcp140.dll
0x00007ffe13bf0000 - 0x00007ffe14873000 	D:\Android\jbr\bin\server\jvm.dll
0x00007ffea2700000 - 0x00007ffea27b2000 	C:\WINDOWS\System32\ADVAPI32.dll
0x00007ffea1410000 - 0x00007ffea14ba000 	C:\WINDOWS\System32\sechost.dll
0x00007ffea0970000 - 0x00007ffea0998000 	C:\WINDOWS\System32\bcrypt.dll
0x00007ffea1e00000 - 0x00007ffea1f15000 	C:\WINDOWS\System32\RPCRT4.dll
0x00007ffe9ef10000 - 0x00007ffe9ef5d000 	C:\WINDOWS\SYSTEM32\POWRPROF.dll
0x00007ffe9b110000 - 0x00007ffe9b144000 	C:\WINDOWS\SYSTEM32\WINMM.dll
0x00007ffe7dfb0000 - 0x00007ffe7dfb9000 	C:\WINDOWS\SYSTEM32\WSOCK32.dll
0x00007ffea1fe0000 - 0x00007ffea2051000 	C:\WINDOWS\System32\WS2_32.dll
0x00007ffe9b790000 - 0x00007ffe9b79a000 	C:\WINDOWS\SYSTEM32\VERSION.dll
0x00007ffe9eef0000 - 0x00007ffe9ef03000 	C:\WINDOWS\SYSTEM32\UMPDC.dll
0x00007ffe9f1a0000 - 0x00007ffe9f1b8000 	C:\WINDOWS\SYSTEM32\kernel.appcore.dll
0x00007ffe9cd20000 - 0x00007ffe9cd2a000 	D:\Android\jbr\bin\jimage.dll
0x00007ffe9d920000 - 0x00007ffe9db52000 	C:\WINDOWS\SYSTEM32\DBGHELP.DLL
0x00007ffea22e0000 - 0x00007ffea2668000 	C:\WINDOWS\System32\combase.dll
0x00007ffea1330000 - 0x00007ffea1407000 	C:\WINDOWS\System32\OLEAUT32.dll
0x00007ffe80cc0000 - 0x00007ffe80cf2000 	C:\WINDOWS\SYSTEM32\dbgcore.DLL
0x00007ffea0780000 - 0x00007ffea07fb000 	C:\WINDOWS\System32\bcryptPrimitives.dll
0x00007ffe911a0000 - 0x00007ffe911ae000 	D:\Android\jbr\bin\instrument.dll
0x00007ffe96800000 - 0x00007ffe96825000 	D:\Android\jbr\bin\java.dll
0x00007ffe9b320000 - 0x00007ffe9b338000 	D:\Android\jbr\bin\zip.dll
0x00007ffea0ad0000 - 0x00007ffea132c000 	C:\WINDOWS\System32\SHELL32.dll
0x00007ffe9dfc0000 - 0x00007ffe9e8b7000 	C:\WINDOWS\SYSTEM32\windows.storage.dll
0x00007ffe9de80000 - 0x00007ffe9dfbf000 	C:\WINDOWS\SYSTEM32\wintypes.dll
0x00007ffea16a0000 - 0x00007ffea1794000 	C:\WINDOWS\System32\SHCORE.dll
0x00007ffea29d0000 - 0x00007ffea2a2e000 	C:\WINDOWS\System32\shlwapi.dll
0x00007ffe9fff0000 - 0x00007ffea0011000 	C:\WINDOWS\SYSTEM32\profapi.dll
0x00007ffe92e20000 - 0x00007ffe92e39000 	D:\Android\jbr\bin\net.dll
0x00007ffe9c5f0000 - 0x00007ffe9c726000 	C:\WINDOWS\SYSTEM32\WINHTTP.dll
0x00007ffe9f610000 - 0x00007ffe9f679000 	C:\WINDOWS\system32\mswsock.dll
0x00007ffe92a00000 - 0x00007ffe92a16000 	D:\Android\jbr\bin\nio.dll
0x00007ffe91290000 - 0x00007ffe912a0000 	D:\Android\jbr\bin\verify.dll
0x00007ffe90a60000 - 0x00007ffe90a87000 	C:\Users\ADMIN\.gradle\native\c067742578af261105cb4f569cf0c3c89f3d7b1fecec35dd04571415982c5e48\windows-amd64\native-platform.dll
0x00007ffe4c450000 - 0x00007ffe4c594000 	C:\Users\ADMIN\.gradle\native\38dada09dfb8b06ba9b0570ebf7e218e3eb74d4ef43ca46872605cf95ebc2f47\windows-amd64\native-platform-file-events.dll
0x00007ffe92e10000 - 0x00007ffe92e19000 	D:\Android\jbr\bin\management.dll
0x00007ffe91d60000 - 0x00007ffe91d6b000 	D:\Android\jbr\bin\management_ext.dll
0x00007ffea1690000 - 0x00007ffea1698000 	C:\WINDOWS\System32\PSAPI.DLL
0x00007ffe9f830000 - 0x00007ffe9f84b000 	C:\WINDOWS\SYSTEM32\CRYPTSP.dll
0x00007ffe9f100000 - 0x00007ffe9f135000 	C:\WINDOWS\system32\rsaenh.dll
0x00007ffe9f6b0000 - 0x00007ffe9f6d8000 	C:\WINDOWS\SYSTEM32\USERENV.dll
0x00007ffe9f850000 - 0x00007ffe9f85c000 	C:\WINDOWS\SYSTEM32\CRYPTBASE.dll
0x00007ffe9eb90000 - 0x00007ffe9ebbd000 	C:\WINDOWS\SYSTEM32\IPHLPAPI.DLL
0x00007ffea1680000 - 0x00007ffea1689000 	C:\WINDOWS\System32\NSI.dll
0x00007ffe9c350000 - 0x00007ffe9c369000 	C:\WINDOWS\SYSTEM32\dhcpcsvc6.DLL
0x00007ffe9bf20000 - 0x00007ffe9bf3f000 	C:\WINDOWS\SYSTEM32\dhcpcsvc.DLL
0x00007ffe9ebc0000 - 0x00007ffe9ecb8000 	C:\WINDOWS\SYSTEM32\DNSAPI.dll
0x00007ffe95b40000 - 0x00007ffe95b49000 	D:\Android\jbr\bin\extnet.dll
0x00007ffe636f0000 - 0x00007ffe636f8000 	C:\WINDOWS\system32\wshunix.dll

dbghelp: loaded successfully - version: 4.0.5 - missing functions: none
symbol engine: initialized successfully - sym options: 0x614 - pdb path: .;D:\Android\jbr\bin;C:\WINDOWS\SYSTEM32;C:\WINDOWS\WinSxS\amd64_microsoft.windows.common-controls_6595b64144ccf1df_6.0.22621.3672_none_2713b9d173822955;D:\Android\jbr\bin\server;C:\Users\ADMIN\.gradle\native\c067742578af261105cb4f569cf0c3c89f3d7b1fecec35dd04571415982c5e48\windows-amd64;C:\Users\ADMIN\.gradle\native\38dada09dfb8b06ba9b0570ebf7e218e3eb74d4ef43ca46872605cf95ebc2f47\windows-amd64

VM Arguments:
jvm_args: --add-opens=java.base/java.util=ALL-UNNAMED --add-opens=java.base/java.lang=ALL-UNNAMED --add-opens=java.base/java.lang.invoke=ALL-UNNAMED --add-opens=java.prefs/java.util.prefs=ALL-UNNAMED --add-opens=java.base/java.nio.charset=ALL-UNNAMED --add-opens=java.base/java.net=ALL-UNNAMED --add-opens=java.base/java.util.concurrent.atomic=ALL-UNNAMED -Xmx2048m -Dfile.encoding=UTF-8 -Duser.country=US -Duser.language=en -Duser.variant -javaagent:C:\Users\ADMIN\.gradle\wrapper\dists\gradle-8.7-bin\bhs2wmbdwecv87pi65oeuq5iu\gradle-8.7\lib\agents\gradle-instrumentation-agent-8.7.jar 
java_command: org.gradle.launcher.daemon.bootstrap.GradleDaemon 8.7
java_class_path (initial): C:\Users\ADMIN\.gradle\wrapper\dists\gradle-8.7-bin\bhs2wmbdwecv87pi65oeuq5iu\gradle-8.7\lib\gradle-launcher-8.7.jar
Launcher Type: SUN_STANDARD

[Global flags]
     intx CICompilerCount                          = 4                                         {product} {ergonomic}
     uint ConcGCThreads                            = 2                                         {product} {ergonomic}
     uint G1ConcRefinementThreads                  = 8                                         {product} {ergonomic}
   size_t G1HeapRegionSize                         = 1048576                                   {product} {ergonomic}
    uintx GCDrainStackTargetSize                   = 64                                        {product} {ergonomic}
   size_t InitialHeapSize                          = 132120576                                 {product} {ergonomic}
   size_t MarkStackSize                            = 4194304                                   {product} {ergonomic}
   size_t MaxHeapSize                              = 2147483648                                {product} {command line}
   size_t MaxNewSize                               = 1287651328                                {product} {ergonomic}
   size_t MinHeapDeltaBytes                        = 1048576                                   {product} {ergonomic}
   size_t MinHeapSize                              = 8388608                                   {product} {ergonomic}
    uintx NonNMethodCodeHeapSize                   = 5839372                                {pd product} {ergonomic}
    uintx NonProfiledCodeHeapSize                  = 122909434                              {pd product} {ergonomic}
    uintx ProfiledCodeHeapSize                     = 122909434                              {pd product} {ergonomic}
    uintx ReservedCodeCacheSize                    = 251658240                              {pd product} {ergonomic}
     bool SegmentedCodeCache                       = true                                      {product} {ergonomic}
   size_t SoftMaxHeapSize                          = 2147483648                             {manageable} {ergonomic}
     bool UseCompressedClassPointers               = true                           {product lp64_product} {ergonomic}
     bool UseCompressedOops                        = true                           {product lp64_product} {ergonomic}
     bool UseG1GC                                  = true                                      {product} {ergonomic}
     bool UseLargePagesIndividualAllocation        = false                                  {pd product} {ergonomic}

Logging:
Log output configuration:
 #0: stdout all=warning uptime,level,tags
 #1: stderr all=off uptime,level,tags

Environment Variables:
JAVA_HOME=E:\jav8\
PATH=C:\Program Files (x86)\Common Files\Oracle\Java\javapath;C:\Program Files (x86)\VMware\VMware Player\bin\;C:\Windows\system32;C:\Windows;C:\Windows\System32\Wbem;C:\Windows\System32\WindowsPowerShell\v1.0\;C:\Windows\System32\OpenSSH\;C:\Program Files (x86)\NVIDIA Corporation\PhysX\Common;C:\Program Files\NVIDIA Corporation\NVIDIA NvDLISR;C:\WINDOWS\system32;C:\WINDOWS;C:\WINDOWS\System32\Wbem;C:\WINDOWS\System32\WindowsPowerShell\v1.0\;C:\WINDOWS\System32\OpenSSH\;C:\Program Files\MySQL\MySQL Server 5.5\bin;C:\Program Files\MySQL\MySQL Server 8.0\bin;C:\Program Files (x86)\Microsoft SQL Server\160\Tools\Binn\;C:\Program Files\Microsoft SQL Server\160\Tools\Binn\;C:\Program Files\Microsoft SQL Server\Client SDK\ODBC\170\Tools\Binn\;C:\Program Files\Microsoft SQL Server\160\DTS\Binn\;C:\Program Files\Git\cmd;E:\jav8\\bin;C:\Program Files\Java\jdk1.8.0\jre\bin;C:\Program Files\Microsoft SQL Server\150\Tools\Binn\;C:\Program Files (x86)\Microsoft SQL Server\160\DTS\Binn\;C:\ProgramData\chocolatey\bin;C:\Program Files\Docker\Docker\resources\bin;C:\Program Files (x86)\Dev-Cpp\MinGW64\bin;C:\Program Files (x86)\Windows Kits\10\Windows Performance Toolkit\;C:\Program Files\MySQL\MySQL Shell 8.0\bin\;C:\Users\ADMIN\AppData\Local\Programs\Python\Python311\Scripts\;C:\Users\ADMIN\AppData\Local\Programs\Python\Python311\;C:\Users\ADMIN\AppData\Local\Microsoft\WindowsApps;C:\Users\ADMIN\AppData\Local\Programs\Microsoft VS Code\bin;C:\Program Files\Azure Data Studio\bin;D:\IntelliJ IDEA 2023.3.5\bin;;C:\Program Files (x86)\Nmap;D:\heroku\bin;C:\Program Files (x86)\Dev-Cpp\MinGW64\bin;
USERNAME=ADMIN
OS=Windows_NT
PROCESSOR_IDENTIFIER=Intel64 Family 6 Model 140 Stepping 1, GenuineIntel
TMP=C:\Users\ADMIN\AppData\Local\Temp
TEMP=C:\Users\ADMIN\AppData\Local\Temp



Periodic native trim disabled

JNI global refs:
JNI global refs: 23, weak refs: 0

JNI global refs memory usage: 843, weak refs: 841

OOME stack traces (most recent first):
Classloader memory used:
Loader bootstrap                                                                       : 1895K
Loader org.gradle.internal.classloader.VisitableURLClassLoader                         : 1259K
Loader org.gradle.initialization.MixInLegacyTypesClassLoader                           : 154K
Loader jdk.internal.loader.ClassLoaders$AppClassLoader                                 : 28715B
Loader jdk.internal.loader.ClassLoaders$PlatformClassLoader                            : 14820B
Loader jdk.internal.reflect.DelegatingClassLoader                                      : 2243B

Classes loaded by more than one classloader:
Class org.gradle.internal.installation.GradleInstallation                             : loaded 2 times (x 73B)
Class org.gradle.internal.classpath.ClassPath                                         : loaded 2 times (x 68B)
Class org.gradle.api.internal.classpath.DefaultModuleRegistry                         : loaded 2 times (x 84B)
Class org.gradle.api.Action                                                           : loaded 2 times (x 68B)
Class org.gradle.api.internal.DefaultClassPathProvider                                : loaded 2 times (x 74B)
Class org.gradle.internal.installation.GradleInstallation$1                           : loaded 2 times (x 73B)
Class org.gradle.internal.classloader.FilteringClassLoader                            : loaded 2 times (x 103B)
Class org.gradle.internal.classpath.DefaultClassPath$ImmutableUniqueList$Builder      : loaded 2 times (x 73B)
Class org.gradle.internal.classloader.ClassLoaderVisitor                              : loaded 2 times (x 74B)
Class org.gradle.internal.service.DefaultServiceLocator                               : loaded 2 times (x 81B)
Class org.gradle.internal.service.UnknownServiceException                             : loaded 2 times (x 81B)
Class org.gradle.internal.classloader.DefaultClassLoaderFactory                       : loaded 2 times (x 80B)
Class org.gradle.internal.classloader.VisitableURLClassLoader$Spec                    : loaded 2 times (x 72B)
Class org.gradle.api.GradleException                                                  : loaded 2 times (x 80B)
Class org.gradle.api.internal.classpath.ModuleRegistry                                : loaded 2 times (x 68B)
Class org.gradle.api.internal.ClassPathProvider                                       : loaded 2 times (x 68B)
Class org.gradle.internal.classloader.ClasspathUtil$1                                 : loaded 2 times (x 74B)
Class org.gradle.internal.classloader.ClassLoaderFactory                              : loaded 2 times (x 68B)
Class org.gradle.api.internal.classpath.ManifestUtil                                  : loaded 2 times (x 69B)
Class org.gradle.api.specs.Spec                                                       : loaded 2 times (x 68B)
Class org.gradle.internal.IoActions                                                   : loaded 2 times (x 69B)
Class org.gradle.api.internal.classpath.EffectiveClassPath                            : loaded 2 times (x 88B)
Class org.gradle.internal.installation.CurrentGradleInstallation                      : loaded 2 times (x 71B)
Class org.gradle.internal.agents.InstrumentingClassLoader                             : loaded 2 times (x 68B)
Class org.gradle.internal.installation.CurrentGradleInstallationLocator               : loaded 2 times (x 69B)
Class org.gradle.api.internal.classpath.Module                                        : loaded 2 times (x 68B)
Class org.gradle.internal.service.CachingServiceLocator                               : loaded 2 times (x 80B)
Class org.gradle.internal.classpath.DefaultClassPath                                  : loaded 2 times (x 88B)
Class org.gradle.internal.classloader.SystemClassLoaderSpec                           : loaded 2 times (x 69B)
Class org.gradle.api.UncheckedIOException                                             : loaded 2 times (x 80B)
Class org.gradle.internal.classloader.ClasspathUtil                                   : loaded 2 times (x 69B)
Class org.gradle.api.internal.DefaultClassPathRegistry                                : loaded 2 times (x 74B)
Class org.gradle.api.internal.classpath.DefaultModuleRegistry$DefaultModule           : loaded 2 times (x 84B)
Class org.gradle.api.internal.classpath.UnknownModuleException                        : loaded 2 times (x 80B)
Class org.gradle.internal.service.ServiceLookupException                              : loaded 2 times (x 80B)
Class org.gradle.cache.GlobalCache                                                    : loaded 2 times (x 68B)
Class [Lorg.gradle.api.internal.ClassPathProvider;                                    : loaded 2 times (x 67B)
Class org.gradle.util.internal.GUtil                                                  : loaded 2 times (x 69B)
Class org.gradle.internal.classloader.ClassLoaderSpec                                 : loaded 2 times (x 69B)
Class org.gradle.internal.classloader.VisitableURLClassLoader                         : loaded 2 times (x 115B)
Class org.gradle.internal.Cast                                                        : loaded 2 times (x 69B)
Class org.gradle.api.internal.ClassPathRegistry                                       : loaded 2 times (x 68B)
Class org.gradle.internal.classloader.VisitableURLClassLoader$InstrumentingVisitableURLClassLoader: loaded 2 times (x 121B)
Class org.gradle.internal.classloader.ClassLoaderHierarchy                            : loaded 2 times (x 68B)
Class org.gradle.internal.InternalTransformer                                         : loaded 2 times (x 68B)
Class org.gradle.internal.service.ServiceLocator                                      : loaded 2 times (x 68B)
Class org.gradle.internal.classpath.DefaultClassPath$ImmutableUniqueList              : loaded 2 times (x 159B)
Class org.gradle.internal.classpath.TransformedClassPath                              : loaded 2 times (x 94B)


---------------  S Y S T E M  ---------------

OS:
 Windows 11 , 64 bit Build 22621 (10.0.22621.3672)
OS uptime: 6 days 22:58 hours
Hyper-V role detected

CPU: total 8 (initial active 8) (4 cores per cpu, 2 threads per core) family 6 model 140 stepping 1 microcode 0x86, cx8, cmov, fxsr, ht, mmx, 3dnowpref, sse, sse2, sse3, ssse3, sse4.1, sse4.2, popcnt, lzcnt, tsc, tscinvbit, avx, avx2, aes, erms, clmul, bmi1, bmi2, adx, avx512f, avx512dq, avx512cd, avx512bw, avx512vl, sha, fma, vzeroupper, avx512_vpopcntdq, avx512_vpclmulqdq, avx512_vaes, avx512_vnni, clflush, clflushopt, clwb, avx512_vbmi2, avx512_vbmi, hv
Processor Information for all 8 processors :
  Max Mhz: 3110, Current Mhz: 3110, Mhz Limit: 3110

Memory: 4k page, system-wide physical 7975M (377M free)
TotalPageFile size 26725M (AvailPageFile size 3M)
current process WorkingSet (physical memory assigned to process): 168M, peak: 168M
current process commit charge ("private bytes"): 215M, peak: 264M

vm_info: OpenJDK 64-Bit Server VM (17.0.10+0--11609105) for windows-amd64 JRE (17.0.10+0--11609105), built on Mar 21 2024 19:10:56 by "androidbuild" with MS VC++ 16.10 / 16.11 (VS2019)

END.
